[2023-02-11 19:01:43] This is codeql database create sample --language=Python
[2023-02-11 19:01:43] Log file was started late.
[2023-02-11 19:01:43] [PROGRESS] database create> Initializing database at /Users/payalmantri/Desktop/practice/bioinformatics_uiuc/HW3/sample.
[2023-02-11 19:01:43] Running plumbing command: codeql database init --language=Python --source-root=/Users/payalmantri/Desktop/practice/bioinformatics_uiuc/HW3 --allow-missing-source-root=false --allow-already-existing -- /Users/payalmantri/Desktop/practice/bioinformatics_uiuc/HW3/sample
[2023-02-11 19:01:43] Calling plumbing command: codeql resolve languages --format=json
[2023-02-11 19:01:43] [DETAILS] resolve languages> Scanning for [codeql-extractor.yml] from /Users/payalmantri/Desktop/CS 598/codeql/.codeqlmanifest.json
[2023-02-11 19:01:43] [DETAILS] resolve languages> Parsing /Users/payalmantri/Desktop/CS 598/codeql/go/codeql-extractor.yml.
[2023-02-11 19:01:43] [DETAILS] resolve languages> Parsing /Users/payalmantri/Desktop/CS 598/codeql/python/codeql-extractor.yml.
[2023-02-11 19:01:43] [DETAILS] resolve languages> Parsing /Users/payalmantri/Desktop/CS 598/codeql/java/codeql-extractor.yml.
[2023-02-11 19:01:43] [DETAILS] resolve languages> Parsing /Users/payalmantri/Desktop/CS 598/codeql/html/codeql-extractor.yml.
[2023-02-11 19:01:43] [DETAILS] resolve languages> Parsing /Users/payalmantri/Desktop/CS 598/codeql/xml/codeql-extractor.yml.
[2023-02-11 19:01:43] [DETAILS] resolve languages> Parsing /Users/payalmantri/Desktop/CS 598/codeql/properties/codeql-extractor.yml.
[2023-02-11 19:01:43] [DETAILS] resolve languages> Parsing /Users/payalmantri/Desktop/CS 598/codeql/cpp/codeql-extractor.yml.
[2023-02-11 19:01:43] [DETAILS] resolve languages> Parsing /Users/payalmantri/Desktop/CS 598/codeql/csv/codeql-extractor.yml.
[2023-02-11 19:01:43] [DETAILS] resolve languages> Parsing /Users/payalmantri/Desktop/CS 598/codeql/csharp/codeql-extractor.yml.
[2023-02-11 19:01:43] [DETAILS] resolve languages> Parsing /Users/payalmantri/Desktop/CS 598/codeql/javascript/codeql-extractor.yml.
[2023-02-11 19:01:43] [DETAILS] resolve languages> Parsing /Users/payalmantri/Desktop/CS 598/codeql/ruby/codeql-extractor.yml.
[2023-02-11 19:01:43] Plumbing command codeql resolve languages completed:
                      {
                        "extractors" : {
                          "go" : [
                            {
                              "extractor_root" : "/Users/payalmantri/Desktop/CS 598/codeql/go"
                            }
                          ],
                          "python" : [
                            {
                              "extractor_root" : "/Users/payalmantri/Desktop/CS 598/codeql/python"
                            }
                          ],
                          "java" : [
                            {
                              "extractor_root" : "/Users/payalmantri/Desktop/CS 598/codeql/java",
                              "extractor_options" : {
                                "exclude" : {
                                  "title" : "A glob excluding files from analysis.",
                                  "description" : "A glob indicating what files to exclude from the analysis.\n",
                                  "type" : "string"
                                }
                              }
                            }
                          ],
                          "html" : [
                            {
                              "extractor_root" : "/Users/payalmantri/Desktop/CS 598/codeql/html"
                            }
                          ],
                          "xml" : [
                            {
                              "extractor_root" : "/Users/payalmantri/Desktop/CS 598/codeql/xml"
                            }
                          ],
                          "properties" : [
                            {
                              "extractor_root" : "/Users/payalmantri/Desktop/CS 598/codeql/properties"
                            }
                          ],
                          "cpp" : [
                            {
                              "extractor_root" : "/Users/payalmantri/Desktop/CS 598/codeql/cpp"
                            }
                          ],
                          "csv" : [
                            {
                              "extractor_root" : "/Users/payalmantri/Desktop/CS 598/codeql/csv"
                            }
                          ],
                          "csharp" : [
                            {
                              "extractor_root" : "/Users/payalmantri/Desktop/CS 598/codeql/csharp",
                              "extractor_options" : {
                                "trap" : {
                                  "title" : "Options pertaining to TRAP.",
                                  "description" : "Options pertaining to TRAP.",
                                  "type" : "object",
                                  "properties" : {
                                    "compression" : {
                                      "title" : "Controls compression for the TRAP files written by the extractor.",
                                      "description" : "This option is only intended for use in debugging the extractor. Accepted values are 'brotli' (the default, to write brotli-compressed TRAP), 'gzip', and 'none' (to write uncompressed TRAP).\n",
                                      "type" : "string",
                                      "pattern" : "^(none|gzip|brotli)$"
                                    }
                                  }
                                },
                                "buildless" : {
                                  "title" : "Whether to use buildless (standalone) extraction.",
                                  "description" : "A value indicating, which type of extraction the autobuilder should perform. If 'true', then the standalone extractor will be used, otherwise tracing extraction will be performed. The default is 'false'. Note that buildless extraction will generally yield less accurate analysis results, and should only be used in cases where it is not possible to build the code (for example if it uses inaccessible dependencies).\n",
                                  "type" : "string",
                                  "pattern" : "^(false|true)$"
                                },
                                "cil" : {
                                  "title" : "Whether to enable CIL extraction.",
                                  "description" : "A value indicating, whether CIL extraction should be enabled. The default is 'true'.\n",
                                  "type" : "string",
                                  "pattern" : "^(false|true)$"
                                }
                              }
                            }
                          ],
                          "javascript" : [
                            {
                              "extractor_root" : "/Users/payalmantri/Desktop/CS 598/codeql/javascript",
                              "extractor_options" : { }
                            }
                          ],
                          "ruby" : [
                            {
                              "extractor_root" : "/Users/payalmantri/Desktop/CS 598/codeql/ruby"
                            }
                          ]
                        }
                      }
[2023-02-11 19:01:43] [PROGRESS] database init> Calculating baseline information in /Users/payalmantri/Desktop/practice/bioinformatics_uiuc/HW3
[2023-02-11 19:01:43] [SPAMMY] database init> Ignoring the following directories when processing baseline information: .git, .hg, .svn.
[2023-02-11 19:01:43] [DETAILS] database init> Running command in /Users/payalmantri/Desktop/practice/bioinformatics_uiuc/HW3: /Users/payalmantri/Desktop/CS 598/codeql/tools/osx64/scc --by-file --exclude-dir .git,.hg,.svn --format json .
[2023-02-11 19:01:44] [PROGRESS] database init> Calculated baseline information for languages:  (61ms).
[2023-02-11 19:01:44] [PROGRESS] database init> Resolving extractor Python.
[2023-02-11 19:01:44] Exception caught at top level: There's no CodeQL extractor named 'Python' installed.
                      java.base/java.util.Optional.map(Unknown Source)
                      com.semmle.util.data.Result.getOrThrow(Result.java:30)
                      com.semmle.cli2.database.InitCommand.initOneDatabase(InitCommand.java:446)
                      com.semmle.cli2.database.InitCommand.executeSubcommand(InitCommand.java:203)
                      com.semmle.cli2.picocli.SubcommandCommon.lambda$executeSubcommandWithMessages$2(SubcommandCommon.java:625)
                      com.semmle.cli2.picocli.SubcommandCommon.withCompilationMessages(SubcommandCommon.java:405)
                      com.semmle.cli2.picocli.SubcommandCommon.executeSubcommandWithMessages(SubcommandCommon.java:624)
                      com.semmle.cli2.picocli.PlumbingRunner.run(PlumbingRunner.java:109)
                      com.semmle.cli2.picocli.SubcommandCommon.runPlumbingInProcess(SubcommandCommon.java:188)
                      com.semmle.cli2.database.CreateCommand.executeSubcommand(CreateCommand.java:84)
                      com.semmle.cli2.picocli.SubcommandCommon.lambda$executeSubcommandWithMessages$2(SubcommandCommon.java:625)
                      com.semmle.cli2.picocli.SubcommandCommon.withCompilationMessages(SubcommandCommon.java:405)
                      com.semmle.cli2.picocli.SubcommandCommon.executeSubcommandWithMessages(SubcommandCommon.java:624)
                      com.semmle.cli2.picocli.SubcommandCommon.call(SubcommandCommon.java:561)
                      com.semmle.cli2.picocli.SubcommandMaker.runMain(SubcommandMaker.java:225)
                      com.semmle.cli2.picocli.SubcommandMaker.runMain(SubcommandMaker.java:234)
                      com.semmle.cli2.CodeQL.main(CodeQL.java:100)
